The target system is: Generic -  - 
The host system is: Windows - 10.0.26200 - AMD64
Compiling the C compiler identification source file "CMakeCCompilerId.c" succeeded.
Compiler: C:/Users/ST/Desktop/N706B-A07-STD-OE_CN1X_ITRI-009_SDK/N706B-A07-STD-OE_CN1X_ITRI-009_SDK/tools/GNU_Arm_Toolchain/bin/arm-none-eabi-gcc.exe 
Build flags: ;-DFEATURE_NWY_OPEN_APP;-DFEATURE_NWY_ASR_PLAT;-mcpu=cortex-R5;-mlittle-endian;-mthumb;-mthumb-interwork;-mfloat-abi=soft;-Os;-g;-fshort-wchar;-fno-builtin;-Wall;-ffunction-sections;-fdata-sections;-std=c99;-Wl,--gc-sections;-TC:/Users/ST/Desktop/N706B-A07-STD-OE_CN1X_ITRI-009_SDK/N706B-A07-STD-OE_CN1X_ITRI-009_SDK/build/nwy_open_app.lds;-nostdlib
Id flags:  

The output was:
0


Compilation of the C compiler identification source "CMakeCCompilerId.c" produced "a.out"

Compiling the C compiler identification source file "CMakeCCompilerId.c" succeeded.
Compiler: C:/Users/ST/Desktop/N706B-A07-STD-OE_CN1X_ITRI-009_SDK/N706B-A07-STD-OE_CN1X_ITRI-009_SDK/tools/GNU_Arm_Toolchain/bin/arm-none-eabi-gcc.exe 
Build flags: ;-DFEATURE_NWY_OPEN_APP;-DFEATURE_NWY_ASR_PLAT;-mcpu=cortex-R5;-mlittle-endian;-mthumb;-mthumb-interwork;-mfloat-abi=soft;-Os;-g;-fshort-wchar;-fno-builtin;-Wall;-ffunction-sections;-fdata-sections;-std=c99;-Wl,--gc-sections;-TC:/Users/ST/Desktop/N706B-A07-STD-OE_CN1X_ITRI-009_SDK/N706B-A07-STD-OE_CN1X_ITRI-009_SDK/build/nwy_open_app.lds;-nostdlib
Id flags: -c 

The output was:
0


Compilation of the C compiler identification source "CMakeCCompilerId.c" produced "CMakeCCompilerId.o"

The C compiler identification is GNU, found in "C:/Users/ST/Desktop/N706B-A07-STD-OE_CN1X_ITRI-009_SDK/N706B-A07-STD-OE_CN1X_ITRI-009_SDK/out/CMakeFiles/3.16.4/CompilerIdC/CMakeCCompilerId.o"

Compiling the CXX compiler identification source file "CMakeCXXCompilerId.cpp" succeeded.
Compiler: C:/Users/ST/Desktop/N706B-A07-STD-OE_CN1X_ITRI-009_SDK/N706B-A07-STD-OE_CN1X_ITRI-009_SDK/tools/GNU_Arm_Toolchain/bin/arm-none-eabi-g++.exe 
Build flags: ;-fno-exceptions;-fno-rtti;-fno-threadsafe-statics;-DFEATURE_NWY_OPEN_APP;-DFEATURE_NWY_ASR_PLAT
Id flags: -c 

The output was:
0


Compilation of the CXX compiler identification source "CMakeCXXCompilerId.cpp" produced "CMakeCXXCompilerId.o"

The CXX compiler identification is GNU, found in "C:/Users/ST/Desktop/N706B-A07-STD-OE_CN1X_ITRI-009_SDK/N706B-A07-STD-OE_CN1X_ITRI-009_SDK/out/CMakeFiles/3.16.4/CompilerIdCXX/CMakeCXXCompilerId.o"

Checking whether the ASM compiler is GNU using "--version" matched "(GNU assembler)|(GCC)|(Free Software Foundation)":
arm-none-eabi-gcc.exe (GNU Arm Embedded Toolchain 10.3-2021.10) 10.3.1 20210824 (release)
Copyright (C) 2020 Free Software Foundation, Inc.
This is free software; see the source for copying conditions.  There is NO
warranty; not even for MERCHANTABILITY or FITNESS FOR A PARTICULAR PURPOSE.

